!SESSION 2022-08-20 15:38:44.470 -----------------------------------------------
eclipse.buildId=unknown
java.version=1.8.0_342
java.vendor=Private Build
BootLoader constants: OS=linux, ARCH=x86_64, WS=gtk, NL=en_IN

!ENTRY org.eclipse.osgi 4 0 2022-08-20 15:38:44.533
!MESSAGE The -clean (osgi.clean) option was not successful. Unable to clean the storage area: /home/xenos/Postman&OM2M/eclipse-om2m-v1-4-1/eclipse-om2m-v1-4-1/in-cse/configuration/org.eclipse.osgi

!ENTRY org.eclipse.osgi 4 0 2022-08-20 15:38:44.537
!MESSAGE Error reading configuration: /home/xenos/Postman&OM2M/eclipse-om2m-v1-4-1/eclipse-om2m-v1-4-1/in-cse/configuration/org.eclipse.osgi/.manager/.fileTableLock (Permission denied)
!STACK 0
java.io.FileNotFoundException: /home/xenos/Postman&OM2M/eclipse-om2m-v1-4-1/eclipse-om2m-v1-4-1/in-cse/configuration/org.eclipse.osgi/.manager/.fileTableLock (Permission denied)
	at java.io.RandomAccessFile.open0(Native Method)
	at java.io.RandomAccessFile.open(RandomAccessFile.java:316)
	at java.io.RandomAccessFile.<init>(RandomAccessFile.java:243)
	at org.eclipse.osgi.internal.location.Locker_JavaNio.lock(Locker_JavaNio.java:36)
	at org.eclipse.osgi.storagemanager.StorageManager.lock(StorageManager.java:388)
	at org.eclipse.osgi.storagemanager.StorageManager.open(StorageManager.java:701)
	at org.eclipse.osgi.storage.Storage.getChildStorageManager(Storage.java:1749)
	at org.eclipse.osgi.storage.Storage.getInfoInputStream(Storage.java:1766)
	at org.eclipse.osgi.storage.Storage.<init>(Storage.java:126)
	at org.eclipse.osgi.storage.Storage.createStorage(Storage.java:85)
	at org.eclipse.osgi.internal.framework.EquinoxContainer.<init>(EquinoxContainer.java:75)
	at org.eclipse.osgi.launch.Equinox.<init>(Equinox.java:31)
	at org.eclipse.core.runtime.adaptor.EclipseStarter.startup(EclipseStarter.java:295)
	at org.eclipse.core.runtime.adaptor.EclipseStarter.run(EclipseStarter.java:231)
	at sun.reflect.NativeMethodAccessorImpl.invoke0(Native Method)
	at sun.reflect.NativeMethodAccessorImpl.invoke(NativeMethodAccessorImpl.java:62)
	at sun.reflect.DelegatingMethodAccessorImpl.invoke(DelegatingMethodAccessorImpl.java:43)
	at java.lang.reflect.Method.invoke(Method.java:498)
	at org.eclipse.equinox.launcher.Main.invokeFramework(Main.java:648)
	at org.eclipse.equinox.launcher.Main.basicRun(Main.java:603)
	at org.eclipse.equinox.launcher.Main.run(Main.java:1465)
	at org.eclipse.equinox.launcher.Main.main(Main.java:1438)
